1615069533066	geckodriver	INFO	Listening on 127.0.0.1:1214
1615069536073	mozrunner::runner	INFO	Running command: "C:\\Program Files\\Mozilla Firefox\\firefox.exe" "--marionette" "-foreground" "-no-remote" "-profile" "C:\\Users\\alefg\\AppData\\Local\\Temp\\rust_mozprofileJG1Fp1"
JavaScript error: sgqyvck1nsn.cfg, line 2: ReferenceError: Components is not defined
console.warn: SearchSettings: "get: No settings file exists, new profile?" (new Error("", "(unknown module)"))
1615069540858	Marionette	INFO	Listening on port 1222
1615069541340	Marionette	WARN	TLS certificate errors will be ignored for this session

###!!! [Child][MessageChannel] Error: (msgtype=0x5B000D,name=PHttpChannel::Msg___delete__) Channel closing: too late to send/recv, messages will be lost


###!!! [Child][MessageChannel] Error: (msgtype=0x6B0027,name=PNecko::Msg_RemoveRequestContext) Channel closing: too late to send/recv, messages will be lost

1615069549625	Marionette	INFO	Stopped listening on port 1222
1615069913800	geckodriver	INFO	Listening on 127.0.0.1:33310
1615069916801	mozrunner::runner	INFO	Running command: "C:\\Program Files\\Mozilla Firefox\\firefox.exe" "--marionette" "-foreground" "-no-remote" "-profile" "C:\\Users\\alefg\\AppData\\Local\\Temp\\rust_mozprofileM2Qon5"
JavaScript error: sgqyvck1nsn.cfg, line 2: ReferenceError: Components is not defined
console.warn: SearchSettings: "get: No settings file exists, new profile?" (new Error("", "(unknown module)"))
1615069921224	Marionette	INFO	Listening on port 33319
1615069921648	Marionette	WARN	TLS certificate errors will be ignored for this session

###!!! [Child][RunMessage] Error: Channel closing: too late to send/recv, messages will be lost


###!!! [Child][RunMessage] Error: Channel closing: too late to send/recv, messages will be lost

1615069924481	Marionette	INFO	Stopped listening on port 33319

###!!! [Child][RunMessage] Error: Channel closing: too late to send/recv, messages will be lost

1615071443795	geckodriver	INFO	Listening on 127.0.0.1:11909
1615071446723	mozrunner::runner	INFO	Running command: "C:\\Program Files\\Mozilla Firefox\\firefox.exe" "--marionette" "-foreground" "-no-remote" "-profile" "C:\\Users\\alefg\\AppData\\Local\\Temp\\rust_mozprofile2A41o5"
JavaScript error: sgqyvck1nsn.cfg, line 2: ReferenceError: Components is not defined
console.warn: SearchSettings: "get: No settings file exists, new profile?" (new Error("", "(unknown module)"))
1615071456527	Marionette	INFO	Listening on port 11917
1615071456990	Marionette	WARN	TLS certificate errors will be ignored for this session
JavaScript warning: https://vlibras.gov.br/app2/vlibras-plugin.js, line 81: unreachable code after return statement
1615071466136	Marionette	INFO	Stopped listening on port 11917

###!!! [Child][RunMessage] Error: Channel closing: too late to send/recv, messages will be lost

1615079229845	geckodriver	INFO	Listening on 127.0.0.1:29453
1615079234242	mozrunner::runner	INFO	Running command: "C:\\Program Files\\Mozilla Firefox\\firefox.exe" "--marionette" "-foreground" "-no-remote" "-profile" "C:\\Users\\alefg\\AppData\\Local\\Temp\\rust_mozprofileFFw28Y"
JavaScript error: sgqyvck1nsn.cfg, line 2: ReferenceError: Components is not defined
console.warn: SearchSettings: "get: No settings file exists, new profile?" (new Error("", "(unknown module)"))
1615079243454	Marionette	INFO	Listening on port 29466
1615079243623	Marionette	WARN	TLS certificate errors will be ignored for this session
1615079293474	Marionette	INFO	Stopped listening on port 29466

###!!! [Child][RunMessage] Error: Channel closing: too late to send/recv, messages will be lost

1615079313678	geckodriver	INFO	Listening on 127.0.0.1:29560
1615079316701	mozrunner::runner	INFO	Running command: "C:\\Program Files\\Mozilla Firefox\\firefox.exe" "--marionette" "-foreground" "-no-remote" "-profile" "C:\\Users\\alefg\\AppData\\Local\\Temp\\rust_mozprofilecK5PXc"
JavaScript error: sgqyvck1nsn.cfg, line 2: ReferenceError: Components is not defined
console.warn: SearchSettings: "get: No settings file exists, new profile?" (new Error("", "(unknown module)"))
1615079321659	Marionette	INFO	Listening on port 29571
1615079322223	Marionette	WARN	TLS certificate errors will be ignored for this session
JavaScript warning: https://vlibras.gov.br/app2/vlibras-plugin.js, line 81: unreachable code after return statement

###!!! [Child][RunMessage] Error: Channel closing: too late to send/recv, messages will be lost

1615079357081	Marionette	INFO	Stopped listening on port 29571

###!!! [Child][RunMessage] Error: Channel closing: too late to send/recv, messages will be lost

1615081066083	geckodriver	INFO	Listening on 127.0.0.1:28797
1615081069085	mozrunner::runner	INFO	Running command: "C:\\Program Files\\Mozilla Firefox\\firefox.exe" "--marionette" "-headless" "-foreground" "-no-remote" "-profile" "C:\\Users\\alefg\\AppData\\Local\\Temp\\rust_mozprofilei1sQZ0"
*** You are running in headless mode.
JavaScript error: sgqyvck1nsn.cfg, line 2: ReferenceError: Components is not defined
console.warn: SearchSettings: "get: No settings file exists, new profile?" (new Error("", "(unknown module)"))
1615081075552	Marionette	INFO	Listening on port 28810
1615081076707	Marionette	WARN	TLS certificate errors will be ignored for this session
1615081080032	Marionette	INFO	Stopped listening on port 28810
1615081142372	geckodriver	INFO	Listening on 127.0.0.1:29006
1615081145235	mozrunner::runner	INFO	Running command: "C:\\Program Files\\Mozilla Firefox\\firefox.exe" "--marionette" "-headless" "-foreground" "-no-remote" "-profile" "C:\\Users\\alefg\\AppData\\Local\\Temp\\rust_mozprofilell9wPN"
*** You are running in headless mode.
JavaScript error: sgqyvck1nsn.cfg, line 2: ReferenceError: Components is not defined
console.warn: SearchSettings: "get: No settings file exists, new profile?" (new Error("", "(unknown module)"))
1615081150033	Marionette	INFO	Listening on port 29017
1615081150088	Marionette	WARN	TLS certificate errors will be ignored for this session
JavaScript warning: https://vlibras.gov.br/app2/vlibras-plugin.js, line 81: unreachable code after return statement
1615081155650	Marionette	INFO	Stopped listening on port 29017
1615081241952	geckodriver	INFO	Listening on 127.0.0.1:29249
1615081244949	mozrunner::runner	INFO	Running command: "C:\\Program Files\\Mozilla Firefox\\firefox.exe" "--marionette" "-headless" "-foreground" "-no-remote" "-profile" "C:\\Users\\alefg\\AppData\\Local\\Temp\\rust_mozprofilenSccso"
*** You are running in headless mode.
JavaScript error: sgqyvck1nsn.cfg, line 2: ReferenceError: Components is not defined
console.warn: SearchSettings: "get: No settings file exists, new profile?" (new Error("", "(unknown module)"))
1615081249205	Marionette	INFO	Listening on port 29260
1615081249255	Marionette	WARN	TLS certificate errors will be ignored for this session
JavaScript warning: https://vlibras.gov.br/app2/vlibras-plugin.js, line 81: unreachable code after return statement
1615081257495	Marionette	INFO	Stopped listening on port 29260
[Parent 3948, IPC I/O Parent] WARNING: pipe error: 995: file /builds/worker/checkouts/gecko/ipc/chromium/src/chrome/common/ipc_channel_win.cc:485

###!!! [Child][RunMessage] Error: Channel error: cannot send/recv


###!!! [Child][RunMessage] Error: Channel error: cannot send/recv


###!!! [Child][RunMessage] Error: Channel error: cannot send/recv


###!!! [Child][RunMessage] Error: Channel error: cannot send/recv


###!!! [Child][RunMessage] Error: Channel error: cannot send/recv


###!!! [Child][RunMessage] Error: Channel error: cannot send/recv


###!!! [Child][RunMessage] Error: Channel error: cannot send/recv


###!!! [Child][RunMessage] Error: Channel error: cannot send/recv


###!!! [Child][RunMessage] Error: Channel error: cannot send/recv


###!!! [Child][RunMessage] Error: Channel error: cannot send/recv


###!!! [Child][RunMessage] Error: Channel error: cannot send/recv


###!!! [Child][RunMessage] Error: Channel error: cannot send/recv


###!!! [Child][RunMessage] Error: Channel error: cannot send/recv


###!!! [Child][RunMessage] Error: Channel error: cannot send/recv


###!!! [Child][RunMessage] Error: Channel error: cannot send/recv


###!!! [Child][RunMessage] Error: Channel error: cannot send/recv


###!!! [Child][RunMessage] Error: Channel error: cannot send/recv

1615133034197	geckodriver	INFO	Listening on 127.0.0.1:11772
1615133037212	mozrunner::runner	INFO	Running command: "C:\\Program Files\\Mozilla Firefox\\firefox.exe" "--marionette" "-headless" "-foreground" "-no-remote" "-profile" "C:\\Users\\alefg\\AppData\\Local\\Temp\\rust_mozprofiledDdV3b"
*** You are running in headless mode.
JavaScript error: sgqyvck1nsn.cfg, line 2: ReferenceError: Components is not defined
console.warn: SearchSettings: "get: No settings file exists, new profile?" (new Error("", "(unknown module)"))
1615133043460	Marionette	INFO	Listening on port 11782
1615133043850	Marionette	WARN	TLS certificate errors will be ignored for this session
JavaScript warning: https://vlibras.gov.br/app2/vlibras-plugin.js, line 81: unreachable code after return statement
1615133051990	Marionette	INFO	Stopped listening on port 11782
1615133691482	geckodriver	INFO	Listening on 127.0.0.1:11125
1615133694483	mozrunner::runner	INFO	Running command: "C:\\Program Files\\Mozilla Firefox\\firefox.exe" "--marionette" "-headless" "-foreground" "-no-remote" "-profile" "C:\\Users\\alefg\\AppData\\Local\\Temp\\rust_mozprofileQF4ZHG"
*** You are running in headless mode.
JavaScript error: sgqyvck1nsn.cfg, line 2: ReferenceError: Components is not defined
console.warn: SearchSettings: "get: No settings file exists, new profile?" (new Error("", "(unknown module)"))
1615133697989	Marionette	INFO	Listening on port 11135
1615133698628	Marionette	WARN	TLS certificate errors will be ignored for this session
1615133698667	Marionette	INFO	Stopped listening on port 11135
JavaScript error: resource://activity-stream/lib/ASRouter.jsm, line 988: NS_ERROR_ILLEGAL_VALUE: Component returned failure code: 0x80070057 (NS_ERROR_ILLEGAL_VALUE) [nsIObserverService.removeObserver]
1615134184358	geckodriver	INFO	Listening on 127.0.0.1:13992
1615134187365	mozrunner::runner	INFO	Running command: "C:\\Program Files\\Mozilla Firefox\\firefox.exe" "--marionette" "-headless" "-foreground" "-no-remote" "-profile" "C:\\Users\\alefg\\AppData\\Local\\Temp\\rust_mozprofileAeeYu4"
*** You are running in headless mode.
JavaScript error: sgqyvck1nsn.cfg, line 2: ReferenceError: Components is not defined
console.warn: SearchSettings: "get: No settings file exists, new profile?" (new Error("", "(unknown module)"))
1615134193752	Marionette	INFO	Listening on port 14003
1615134193819	Marionette	WARN	TLS certificate errors will be ignored for this session
1615134193875	Marionette	INFO	Stopped listening on port 14003
JavaScript error: resource://activity-stream/lib/ASRouter.jsm, line 988: NS_ERROR_ILLEGAL_VALUE: Component returned failure code: 0x80070057 (NS_ERROR_ILLEGAL_VALUE) [nsIObserverService.removeObserver]
console.warn: services.settings: main/cfr-fxa sync interrupted by shutdown
1615134217331	geckodriver	INFO	Listening on 127.0.0.1:14097
1615134220339	mozrunner::runner	INFO	Running command: "C:\\Program Files\\Mozilla Firefox\\firefox.exe" "--marionette" "-headless" "-foreground" "-no-remote" "-profile" "C:\\Users\\alefg\\AppData\\Local\\Temp\\rust_mozprofileLdF75c"
*** You are running in headless mode.
JavaScript error: sgqyvck1nsn.cfg, line 2: ReferenceError: Components is not defined
console.warn: SearchSettings: "get: No settings file exists, new profile?" (new Error("", "(unknown module)"))
1615134223394	Marionette	INFO	Listening on port 14108
1615134223561	Marionette	WARN	TLS certificate errors will be ignored for this session
JavaScript warning: https://vlibras.gov.br/app2/vlibras-plugin.js, line 81: unreachable code after return statement
1615134231422	Marionette	INFO	Stopped listening on port 14108
1615134314884	geckodriver	INFO	Listening on 127.0.0.1:14308
1615134317904	mozrunner::runner	INFO	Running command: "C:\\Program Files\\Mozilla Firefox\\firefox.exe" "--marionette" "-headless" "-foreground" "-no-remote" "-profile" "C:\\Users\\alefg\\AppData\\Local\\Temp\\rust_mozprofileVUc9A1"
*** You are running in headless mode.
JavaScript error: sgqyvck1nsn.cfg, line 2: ReferenceError: Components is not defined
console.warn: SearchSettings: "get: No settings file exists, new profile?" (new Error("", "(unknown module)"))
1615134321295	Marionette	INFO	Listening on port 14320
1615134321572	Marionette	WARN	TLS certificate errors will be ignored for this session
JavaScript warning: https://vlibras.gov.br/app2/vlibras-plugin.js, line 81: unreachable code after return statement
JavaScript error: , line 0: NS_ERROR_NOT_AVAILABLE
console.log: WebExtensions: reset-default-search: No addons in our list are installed.
JavaScript error: , line 0: NS_ERROR_NOT_AVAILABLE
Exiting due to channel error.
